Determining if the pthread_create exist failed with the following output:
Change Dir: /home/oshadha/Documents/BabyBuggyROS/catkin_ws/build/CMakeFiles/CMakeTmp

Run Build Command:"/usr/bin/make" "cmTC_4da79/fast"
/usr/bin/make -f CMakeFiles/cmTC_4da79.dir/build.make CMakeFiles/cmTC_4da79.dir/build
make[1]: Entering directory '/home/oshadha/Documents/BabyBuggyROS/catkin_ws/build/CMakeFiles/CMakeTmp'
Building C object CMakeFiles/cmTC_4da79.dir/CheckSymbolExists.c.o
/usr/bin/cc     -o CMakeFiles/cmTC_4da79.dir/CheckSymbolExists.c.o   -c /home/oshadha/Documents/BabyBuggyROS/catkin_ws/build/CMakeFiles/CMakeTmp/CheckSymbolExists.c
Linking C executable cmTC_4da79
/usr/bin/cmake -E cmake_link_script CMakeFiles/cmTC_4da79.dir/link.txt --verbose=1
/usr/bin/cc       CMakeFiles/cmTC_4da79.dir/CheckSymbolExists.c.o  -o cmTC_4da79 -rdynamic 
CMakeFiles/cmTC_4da79.dir/CheckSymbolExists.c.o: In function `main':
CheckSymbolExists.c:(.text+0x16): undefined reference to `pthread_create'
collect2: error: ld returned 1 exit status
CMakeFiles/cmTC_4da79.dir/build.make:97: recipe for target 'cmTC_4da79' failed
make[1]: *** [cmTC_4da79] Error 1
make[1]: Leaving directory '/home/oshadha/Documents/BabyBuggyROS/catkin_ws/build/CMakeFiles/CMakeTmp'
Makefile:126: recipe for target 'cmTC_4da79/fast' failed
make: *** [cmTC_4da79/fast] Error 2

File /home/oshadha/Documents/BabyBuggyROS/catkin_ws/build/CMakeFiles/CMakeTmp/CheckSymbolExists.c:
/* */
#include <pthread.h>

int main(int argc, char** argv)
{
  (void)argv;
#ifndef pthread_create
  return ((int*)(&pthread_create))[argc];
#else
  (void)argc;
  return 0;
#endif
}

Determining if the function pthread_create exists in the pthreads failed with the following output:
Change Dir: /home/oshadha/Documents/BabyBuggyROS/catkin_ws/build/CMakeFiles/CMakeTmp

Run Build Command:"/usr/bin/make" "cmTC_f39aa/fast"
/usr/bin/make -f CMakeFiles/cmTC_f39aa.dir/build.make CMakeFiles/cmTC_f39aa.dir/build
make[1]: Entering directory '/home/oshadha/Documents/BabyBuggyROS/catkin_ws/build/CMakeFiles/CMakeTmp'
Building C object CMakeFiles/cmTC_f39aa.dir/CheckFunctionExists.c.o
/usr/bin/cc    -DCHECK_FUNCTION_EXISTS=pthread_create   -o CMakeFiles/cmTC_f39aa.dir/CheckFunctionExists.c.o   -c /usr/share/cmake-3.5/Modules/CheckFunctionExists.c
Linking C executable cmTC_f39aa
/usr/bin/cmake -E cmake_link_script CMakeFiles/cmTC_f39aa.dir/link.txt --verbose=1
/usr/bin/cc   -DCHECK_FUNCTION_EXISTS=pthread_create    CMakeFiles/cmTC_f39aa.dir/CheckFunctionExists.c.o  -o cmTC_f39aa -rdynamic -lpthreads 
/usr/bin/ld: cannot find -lpthreads
collect2: error: ld returned 1 exit status
CMakeFiles/cmTC_f39aa.dir/build.make:97: recipe for target 'cmTC_f39aa' failed
make[1]: *** [cmTC_f39aa] Error 1
make[1]: Leaving directory '/home/oshadha/Documents/BabyBuggyROS/catkin_ws/build/CMakeFiles/CMakeTmp'
Makefile:126: recipe for target 'cmTC_f39aa/fast' failed
make: *** [cmTC_f39aa/fast] Error 2


